{"/Users/ashikur.rahaman/mayd-log-parser/src/helpers/fileReader.ts": {"path":"/Users/ashikur.rahaman/mayd-log-parser/src/helpers/fileReader.ts","statementMap":{"0":{"start":{"line":1,"column":0},"end":{"line":1,"column":13}},"1":{"start":{"line":4,"column":4},"end":{"line":4,"column":17}},"2":{"start":{"line":6,"column":2},"end":{"line":15,"column":null}},"3":{"start":{"line":6,"column":2},"end":{"line":6,"column":6}},"4":{"start":{"line":7,"column":4},"end":{"line":14,"column":7}},"5":{"start":{"line":8,"column":6},"end":{"line":13,"column":9}},"6":{"start":{"line":9,"column":8},"end":{"line":11,"column":null}},"7":{"start":{"line":10,"column":10},"end":{"line":10,"column":29}},"8":{"start":{"line":12,"column":8},"end":{"line":12,"column":29}},"9":{"start":{"line":16,"column":0},"end":{"line":16,"column":null}},"10":{"start":{"line":1,"column":13},"end":{"line":1,"column":23}}},"fnMap":{"0":{"name":"(anonymous_0)","decl":{"start":{"line":1,"column":0},"end":{"line":1,"column":13}},"loc":{"start":{"line":1,"column":0},"end":{"line":16,"column":null}}},"1":{"name":"FileReader","decl":{"start":{"line":3,"column":2},"end":{"line":3,"column":14}},"loc":{"start":{"line":3,"column":21},"end":{"line":5,"column":3}}},"2":{"name":"(anonymous_2)","decl":{"start":{"line":6,"column":2},"end":{"line":6,"column":6}},"loc":{"start":{"line":6,"column":23},"end":{"line":15,"column":3}}},"3":{"name":"(anonymous_3)","decl":{"start":{"line":7,"column":23},"end":{"line":7,"column":24}},"loc":{"start":{"line":7,"column":39},"end":{"line":14,"column":5}}},"4":{"name":"(anonymous_4)","decl":{"start":{"line":8,"column":42},"end":{"line":8,"column":43}},"loc":{"start":{"line":8,"column":65},"end":{"line":13,"column":7}}}},"branchMap":{"0":{"loc":{"start":{"line":9,"column":8},"end":{"line":11,"column":null}},"type":"if","locations":[{"start":{"line":9,"column":8},"end":{"line":11,"column":null}}]}},"s":{"0":1,"1":2,"2":1,"3":2,"4":2,"5":2,"6":2,"7":1,"8":1,"9":1,"10":1},"f":{"0":1,"1":2,"2":2,"3":2,"4":2},"b":{"0":[1]}}
,"/Users/ashikur.rahaman/mayd-log-parser/src/helpers/fileWriter.ts": {"path":"/Users/ashikur.rahaman/mayd-log-parser/src/helpers/fileWriter.ts","statementMap":{"0":{"start":{"line":1,"column":0},"end":{"line":1,"column":13}},"1":{"start":{"line":4,"column":4},"end":{"line":4,"column":17}},"2":{"start":{"line":6,"column":2},"end":{"line":12,"column":null}},"3":{"start":{"line":7,"column":4},"end":{"line":11,"column":7}},"4":{"start":{"line":8,"column":6},"end":{"line":10,"column":null}},"5":{"start":{"line":9,"column":8},"end":{"line":9,"column":19}},"6":{"start":{"line":13,"column":0},"end":{"line":13,"column":null}},"7":{"start":{"line":1,"column":13},"end":{"line":1,"column":23}}},"fnMap":{"0":{"name":"(anonymous_0)","decl":{"start":{"line":1,"column":0},"end":{"line":1,"column":13}},"loc":{"start":{"line":1,"column":0},"end":{"line":13,"column":null}}},"1":{"name":"FileWriter","decl":{"start":{"line":3,"column":2},"end":{"line":3,"column":14}},"loc":{"start":{"line":3,"column":21},"end":{"line":5,"column":3}}},"2":{"name":"(anonymous_2)","decl":{"start":{"line":6,"column":2},"end":{"line":6,"column":7}},"loc":{"start":{"line":6,"column":35},"end":{"line":12,"column":3}}},"3":{"name":"(anonymous_3)","decl":{"start":{"line":7,"column":38},"end":{"line":7,"column":39}},"loc":{"start":{"line":7,"column":49},"end":{"line":11,"column":5}}}},"branchMap":{"0":{"loc":{"start":{"line":8,"column":6},"end":{"line":10,"column":null}},"type":"if","locations":[{"start":{"line":8,"column":6},"end":{"line":10,"column":null}}]}},"s":{"0":1,"1":1,"2":1,"3":1,"4":0,"5":0,"6":1,"7":1},"f":{"0":1,"1":1,"2":1,"3":0},"b":{"0":[0]}}
,"/Users/ashikur.rahaman/mayd-log-parser/src/helpers/textParser.ts": {"path":"/Users/ashikur.rahaman/mayd-log-parser/src/helpers/textParser.ts","statementMap":{"0":{"start":{"line":1,"column":0},"end":{"line":1,"column":13}},"1":{"start":{"line":2,"column":10},"end":{"line":3,"column":134}},"2":{"start":{"line":5,"column":2},"end":{"line":5,"column":63}},"3":{"start":{"line":5,"column":39},"end":{"line":5,"column":63}},"4":{"start":{"line":7,"column":2},"end":{"line":7,"column":86}},"5":{"start":{"line":7,"column":59},"end":{"line":7,"column":86}},"6":{"start":{"line":9,"column":2},"end":{"line":23,"column":null}},"7":{"start":{"line":9,"column":2},"end":{"line":9,"column":7}},"8":{"start":{"line":10,"column":19},"end":{"line":10,"column":38}},"9":{"start":{"line":11,"column":23},"end":{"line":11,"column":77}},"10":{"start":{"line":11,"column":47},"end":{"line":11,"column":77}},"11":{"start":{"line":12,"column":24},"end":{"line":12,"column":72}},"12":{"start":{"line":12,"column":49},"end":{"line":12,"column":72}},"13":{"start":{"line":14,"column":4},"end":{"line":22,"column":7}},"14":{"start":{"line":15,"column":22},"end":{"line":15,"column":49}},"15":{"start":{"line":16,"column":6},"end":{"line":21,"column":8}},"16":{"start":{"line":24,"column":0},"end":{"line":24,"column":null}},"17":{"start":{"line":1,"column":13},"end":{"line":1,"column":23}}},"fnMap":{"0":{"name":"(anonymous_0)","decl":{"start":{"line":1,"column":0},"end":{"line":1,"column":13}},"loc":{"start":{"line":1,"column":0},"end":{"line":24,"column":null}}},"1":{"name":"(anonymous_2)","decl":{"start":{"line":5,"column":14},"end":{"line":5,"column":15}},"loc":{"start":{"line":5,"column":26},"end":{"line":5,"column":43}}},"2":{"name":"(anonymous_3)","decl":{"start":{"line":7,"column":15},"end":{"line":7,"column":16}},"loc":{"start":{"line":7,"column":46},"end":{"line":7,"column":63}}},"3":{"name":"(anonymous_4)","decl":{"start":{"line":9,"column":2},"end":{"line":9,"column":7}},"loc":{"start":{"line":9,"column":20},"end":{"line":23,"column":3}}},"4":{"name":"(anonymous_5)","decl":{"start":{"line":11,"column":37},"end":{"line":11,"column":38}},"loc":{"start":{"line":11,"column":42},"end":{"line":11,"column":51}}},"5":{"name":"(anonymous_6)","decl":{"start":{"line":12,"column":39},"end":{"line":12,"column":40}},"loc":{"start":{"line":12,"column":44},"end":{"line":12,"column":53}}},"6":{"name":"(anonymous_7)","decl":{"start":{"line":14,"column":27},"end":{"line":14,"column":28}},"loc":{"start":{"line":14,"column":32},"end":{"line":22,"column":5}}}},"branchMap":{"0":{"loc":{"start":{"line":15,"column":22},"end":{"line":15,"column":49}},"type":"binary-expr","locations":[{"start":{"line":15,"column":22},"end":{"line":15,"column":43}},{"start":{"line":15,"column":47},"end":{"line":15,"column":49}}]},"1":{"loc":{"start":{"line":15,"column":22},"end":{"line":15,"column":43}},"type":"cond-expr","locations":[{"start":{"line":15,"column":34},"end":{"line":15,"column":36}},{"start":{"line":15,"column":34},"end":{"line":15,"column":43}}]},"2":{"loc":{"start":{"line":15,"column":22},"end":{"line":15,"column":36}},"type":"binary-expr","locations":[{"start":{"line":15,"column":22},"end":{"line":15,"column":36}},{"start":{"line":15,"column":34},"end":{"line":15,"column":36}}]},"3":{"loc":{"start":{"line":15,"column":22},"end":{"line":15,"column":34}},"type":"cond-expr","locations":[{"start":{"line":15,"column":26},"end":{"line":15,"column":28}},{"start":{"line":15,"column":22},"end":{"line":15,"column":34}}]},"4":{"loc":{"start":{"line":15,"column":22},"end":{"line":15,"column":28}},"type":"binary-expr","locations":[{"start":{"line":15,"column":22},"end":{"line":15,"column":28}},{"start":{"line":15,"column":22},"end":{"line":15,"column":28}}]},"5":{"loc":{"start":{"line":17,"column":34},"end":{"line":17,"column":63}},"type":"binary-expr","locations":[{"start":{"line":17,"column":34},"end":{"line":17,"column":57}},{"start":{"line":17,"column":61},"end":{"line":17,"column":63}}]},"6":{"loc":{"start":{"line":17,"column":34},"end":{"line":17,"column":57}},"type":"cond-expr","locations":[{"start":{"line":17,"column":46},"end":{"line":17,"column":48}},{"start":{"line":17,"column":46},"end":{"line":17,"column":57}}]},"7":{"loc":{"start":{"line":17,"column":34},"end":{"line":17,"column":48}},"type":"binary-expr","locations":[{"start":{"line":17,"column":34},"end":{"line":17,"column":48}},{"start":{"line":17,"column":46},"end":{"line":17,"column":48}}]},"8":{"loc":{"start":{"line":17,"column":34},"end":{"line":17,"column":46}},"type":"cond-expr","locations":[{"start":{"line":17,"column":38},"end":{"line":17,"column":40}},{"start":{"line":17,"column":34},"end":{"line":17,"column":46}}]},"9":{"loc":{"start":{"line":17,"column":34},"end":{"line":17,"column":40}},"type":"binary-expr","locations":[{"start":{"line":17,"column":34},"end":{"line":17,"column":40}},{"start":{"line":17,"column":34},"end":{"line":17,"column":40}}]},"10":{"loc":{"start":{"line":18,"column":18},"end":{"line":18,"column":40}},"type":"cond-expr","locations":[{"start":{"line":18,"column":30},"end":{"line":18,"column":32}},{"start":{"line":18,"column":30},"end":{"line":18,"column":40}}]},"11":{"loc":{"start":{"line":18,"column":18},"end":{"line":18,"column":32}},"type":"binary-expr","locations":[{"start":{"line":18,"column":18},"end":{"line":18,"column":32}},{"start":{"line":18,"column":30},"end":{"line":18,"column":32}}]},"12":{"loc":{"start":{"line":18,"column":18},"end":{"line":18,"column":30}},"type":"cond-expr","locations":[{"start":{"line":18,"column":22},"end":{"line":18,"column":24}},{"start":{"line":18,"column":18},"end":{"line":18,"column":30}}]},"13":{"loc":{"start":{"line":18,"column":18},"end":{"line":18,"column":24}},"type":"binary-expr","locations":[{"start":{"line":18,"column":18},"end":{"line":18,"column":24}},{"start":{"line":18,"column":18},"end":{"line":18,"column":24}}]}},"s":{"0":1,"1":1,"2":1,"3":2,"4":1,"5":2,"6":1,"7":1,"8":1,"9":1,"10":2,"11":1,"12":1,"13":1,"14":1,"15":1,"16":1,"17":1},"f":{"0":2,"1":2,"2":2,"3":1,"4":2,"5":1,"6":1},"b":{"0":[1,0],"1":[0,1],"2":[1,1],"3":[0,1],"4":[1,1],"5":[1,0],"6":[0,1],"7":[1,1],"8":[0,1],"9":[1,1],"10":[0,1],"11":[1,1],"12":[0,1],"13":[1,1]}}
}
