TN:
SF:src/helpers/fileReader.ts
FN:1,(anonymous_0)
FN:3,FileReader
FN:6,(anonymous_2)
FN:7,(anonymous_3)
FN:8,(anonymous_4)
FNF:5
FNH:5
FNDA:1,(anonymous_0)
FNDA:2,FileReader
FNDA:2,(anonymous_2)
FNDA:2,(anonymous_3)
FNDA:2,(anonymous_4)
DA:1,1
DA:4,2
DA:6,2
DA:7,2
DA:8,2
DA:9,2
DA:10,1
DA:12,1
DA:16,1
LF:9
LH:9
BRDA:9,0,0,1
BRF:1
BRH:1
end_of_record
TN:
SF:src/helpers/fileWriter.ts
FN:1,(anonymous_0)
FN:3,FileWriter
FN:6,(anonymous_2)
FN:7,(anonymous_3)
FNF:4
FNH:3
FNDA:1,(anonymous_0)
FNDA:1,FileWriter
FNDA:1,(anonymous_2)
FNDA:0,(anonymous_3)
DA:1,1
DA:4,1
DA:6,1
DA:7,1
DA:8,0
DA:9,0
DA:13,1
LF:7
LH:5
BRDA:8,0,0,0
BRF:1
BRH:0
end_of_record
TN:
SF:src/helpers/textParser.ts
FN:1,(anonymous_0)
FN:5,(anonymous_2)
FN:7,(anonymous_3)
FN:9,(anonymous_4)
FN:11,(anonymous_5)
FN:12,(anonymous_6)
FN:14,(anonymous_7)
FNF:7
FNH:7
FNDA:2,(anonymous_0)
FNDA:2,(anonymous_2)
FNDA:2,(anonymous_3)
FNDA:1,(anonymous_4)
FNDA:2,(anonymous_5)
FNDA:1,(anonymous_6)
FNDA:1,(anonymous_7)
DA:1,1
DA:2,1
DA:5,2
DA:7,2
DA:9,1
DA:10,1
DA:11,2
DA:12,1
DA:14,1
DA:15,1
DA:16,1
DA:24,1
LF:12
LH:12
BRDA:15,0,0,1
BRDA:15,0,1,0
BRDA:15,1,0,0
BRDA:15,1,1,1
BRDA:15,2,0,1
BRDA:15,2,1,1
BRDA:15,3,0,0
BRDA:15,3,1,1
BRDA:15,4,0,1
BRDA:15,4,1,1
BRDA:17,5,0,1
BRDA:17,5,1,0
BRDA:17,6,0,0
BRDA:17,6,1,1
BRDA:17,7,0,1
BRDA:17,7,1,1
BRDA:17,8,0,0
BRDA:17,8,1,1
BRDA:17,9,0,1
BRDA:17,9,1,1
BRDA:18,10,0,0
BRDA:18,10,1,1
BRDA:18,11,0,1
BRDA:18,11,1,1
BRDA:18,12,0,0
BRDA:18,12,1,1
BRDA:18,13,0,1
BRDA:18,13,1,1
BRF:28
BRH:20
end_of_record
